[DEBUG][2018/10/11 11:27:16862][org.springframework.web.servlet.DispatcherServlet.doService(DispatcherServlet.java:861)]
DispatcherServlet with name 'SpringMVC' processing GET request for [/ssm/user/userList]
[DEBUG][2018/10/11 11:27:16865][org.springframework.web.servlet.handler.AbstractHandlerMethodMapping.getHandlerInternal(AbstractHandlerMethodMapping.java:294)]
Looking up handler method for path /user/userList
[DEBUG][2018/10/11 11:27:16865][org.springframework.web.servlet.handler.AbstractHandlerMethodMapping.getHandlerInternal(AbstractHandlerMethodMapping.java:299)]
Returning handler method [public java.lang.String com.study.ssm.controller.UserController.getUserList(org.springframework.ui.Model)]
[DEBUG][2018/10/11 11:27:16866][org.springframework.beans.factory.support.AbstractBeanFactory.doGetBean(AbstractBeanFactory.java:248)]
Returning cached instance of singleton bean 'userController'
[DEBUG][2018/10/11 11:27:16866][org.springframework.web.servlet.DispatcherServlet.doDispatch(DispatcherServlet.java:947)]
Last-Modified value for [/ssm/user/userList] is: -1
[DEBUG][2018/10/11 11:27:16866][org.mybatis.spring.SqlSessionUtils.getSqlSession(SqlSessionUtils.java:104)]
Creating a new SqlSession
[DEBUG][2018/10/11 11:27:16867][org.mybatis.spring.SqlSessionUtils.getSqlSession(SqlSessionUtils.java:140)]
SqlSession [org.apache.ibatis.session.defaults.DefaultSqlSession@184a348e] was not registered for synchronization because synchronization is not active
[DEBUG][2018/10/11 11:27:16867][org.springframework.jdbc.datasource.DataSourceUtils.doGetConnection(DataSourceUtils.java:110)]
Fetching JDBC Connection from DataSource
[DEBUG][2018/10/11 11:27:16882][org.mybatis.spring.transaction.SpringManagedTransaction.openConnection(SpringManagedTransaction.java:86)]
JDBC Connection [jdbc:mysql://101.132.116.22:3306/db_zsl?useSSL=false, UserName=root@36.5.116.113, MySQL Connector Java] will not be managed by Spring
[DEBUG][2018/10/11 11:27:16883][org.apache.ibatis.logging.jdbc.BaseJdbcLogger.debug(BaseJdbcLogger.java:139)]
==>  Preparing: select id, user_name, password, age from user_t 
[DEBUG][2018/10/11 11:27:16884][org.apache.ibatis.logging.jdbc.BaseJdbcLogger.debug(BaseJdbcLogger.java:139)]
==> Parameters: 
[DEBUG][2018/10/11 11:27:16900][org.apache.ibatis.logging.jdbc.BaseJdbcLogger.debug(BaseJdbcLogger.java:139)]
<==      Total: 14
[DEBUG][2018/10/11 11:27:16900][org.mybatis.spring.SqlSessionUtils.closeSqlSession(SqlSessionUtils.java:168)]
Closing non transactional SqlSession [org.apache.ibatis.session.defaults.DefaultSqlSession@184a348e]
[DEBUG][2018/10/11 11:27:16901][org.springframework.jdbc.datasource.DataSourceUtils.doReleaseConnection(DataSourceUtils.java:327)]
Returning JDBC Connection to DataSource
[DEBUG][2018/10/11 11:27:16901][org.springframework.web.servlet.DispatcherServlet.render(DispatcherServlet.java:1241)]
Rendering view [org.springframework.web.servlet.view.JstlView: name 'userList'; URL [/WEB-INF/jsp/userList.jsp]] in DispatcherServlet with name 'SpringMVC'
[DEBUG][2018/10/11 11:27:16902][org.springframework.web.servlet.view.AbstractView.exposeModelAsRequestAttributes(AbstractView.java:432)]
Added model object 'userList' of type [java.util.ArrayList] to request in view with name 'userList'
[DEBUG][2018/10/11 11:27:16902][org.springframework.web.servlet.view.InternalResourceView.renderMergedOutputModel(InternalResourceView.java:166)]
Forwarding to resource [/WEB-INF/jsp/userList.jsp] in InternalResourceView 'userList'
[DEBUG][2018/10/11 11:27:1753 ][org.springframework.web.servlet.FrameworkServlet.processRequest(FrameworkServlet.java:996)]
Successfully completed request
[DEBUG][2018/10/11 11:27:17270][org.springframework.web.servlet.DispatcherServlet.doService(DispatcherServlet.java:861)]
DispatcherServlet with name 'SpringMVC' processing GET request for [/ssm/css/bootstrap-theme.css.map]
[DEBUG][2018/10/11 11:27:17271][org.springframework.web.servlet.handler.AbstractHandlerMethodMapping.getHandlerInternal(AbstractHandlerMethodMapping.java:294)]
Looking up handler method for path /css/bootstrap-theme.css.map
[DEBUG][2018/10/11 11:27:17271][org.springframework.web.servlet.handler.AbstractHandlerMethodMapping.getHandlerInternal(AbstractHandlerMethodMapping.java:302)]
Did not find handler method for [/css/bootstrap-theme.css.map]
[DEBUG][2018/10/11 11:27:17271][org.springframework.web.servlet.handler.AbstractHandlerMethodMapping.getHandlerInternal(AbstractHandlerMethodMapping.java:294)]
Looking up handler method for path /css/bootstrap-theme.css.map
[DEBUG][2018/10/11 11:27:17272][org.springframework.web.servlet.handler.AbstractHandlerMethodMapping.getHandlerInternal(AbstractHandlerMethodMapping.java:302)]
Did not find handler method for [/css/bootstrap-theme.css.map]
[DEBUG][2018/10/11 11:27:17272][org.springframework.web.servlet.handler.AbstractUrlHandlerMapping.lookupHandler(AbstractUrlHandlerMapping.java:168)]
Matching patterns for request [/css/bootstrap-theme.css.map] are [/css/**]
[DEBUG][2018/10/11 11:27:17272][org.springframework.web.servlet.handler.AbstractUrlHandlerMapping.lookupHandler(AbstractUrlHandlerMapping.java:193)]
URI Template variables for request [/css/bootstrap-theme.css.map] are {}
[DEBUG][2018/10/11 11:27:17272][org.springframework.web.servlet.handler.AbstractUrlHandlerMapping.getHandlerInternal(AbstractUrlHandlerMapping.java:123)]
Mapping [/css/bootstrap-theme.css.map] to HandlerExecutionChain with handler [ResourceHttpRequestHandler [locations=[ServletContext resource [/css/]], resolvers=[org.springframework.web.servlet.resource.PathResourceResolver@7c70b384]]] and 1 interceptor
[DEBUG][2018/10/11 11:27:17273][org.springframework.web.servlet.DispatcherServlet.doDispatch(DispatcherServlet.java:947)]
Last-Modified value for [/ssm/css/bootstrap-theme.css.map] is: -1
[DEBUG][2018/10/11 11:27:17273][org.springframework.web.servlet.DispatcherServlet.processDispatchResult(DispatcherServlet.java:1034)]
Null ModelAndView returned to DispatcherServlet with name 'SpringMVC': assuming HandlerAdapter completed request handling
[DEBUG][2018/10/11 11:27:17273][org.springframework.web.servlet.FrameworkServlet.processRequest(FrameworkServlet.java:996)]
Successfully completed request
[DEBUG][2018/10/11 11:27:17272][org.springframework.web.servlet.DispatcherServlet.doService(DispatcherServlet.java:861)]
DispatcherServlet with name 'SpringMVC' processing GET request for [/ssm/css/bootstrap.min.css.map]
[DEBUG][2018/10/11 11:27:17277][org.springframework.web.servlet.handler.AbstractHandlerMethodMapping.getHandlerInternal(AbstractHandlerMethodMapping.java:294)]
Looking up handler method for path /css/bootstrap.min.css.map
[DEBUG][2018/10/11 11:27:17277][org.springframework.web.servlet.handler.AbstractHandlerMethodMapping.getHandlerInternal(AbstractHandlerMethodMapping.java:302)]
Did not find handler method for [/css/bootstrap.min.css.map]
[DEBUG][2018/10/11 11:27:17278][org.springframework.web.servlet.handler.AbstractHandlerMethodMapping.getHandlerInternal(AbstractHandlerMethodMapping.java:294)]
Looking up handler method for path /css/bootstrap.min.css.map
[DEBUG][2018/10/11 11:27:17278][org.springframework.web.servlet.handler.AbstractHandlerMethodMapping.getHandlerInternal(AbstractHandlerMethodMapping.java:302)]
Did not find handler method for [/css/bootstrap.min.css.map]
[DEBUG][2018/10/11 11:27:17278][org.springframework.web.servlet.handler.AbstractUrlHandlerMapping.lookupHandler(AbstractUrlHandlerMapping.java:168)]
Matching patterns for request [/css/bootstrap.min.css.map] are [/css/**]
[DEBUG][2018/10/11 11:27:17279][org.springframework.web.servlet.handler.AbstractUrlHandlerMapping.lookupHandler(AbstractUrlHandlerMapping.java:193)]
URI Template variables for request [/css/bootstrap.min.css.map] are {}
[DEBUG][2018/10/11 11:27:17279][org.springframework.web.servlet.handler.AbstractUrlHandlerMapping.getHandlerInternal(AbstractUrlHandlerMapping.java:123)]
Mapping [/css/bootstrap.min.css.map] to HandlerExecutionChain with handler [ResourceHttpRequestHandler [locations=[ServletContext resource [/css/]], resolvers=[org.springframework.web.servlet.resource.PathResourceResolver@7c70b384]]] and 1 interceptor
[DEBUG][2018/10/11 11:27:17279][org.springframework.web.servlet.DispatcherServlet.doDispatch(DispatcherServlet.java:947)]
Last-Modified value for [/ssm/css/bootstrap.min.css.map] is: -1
[DEBUG][2018/10/11 11:27:17280][org.springframework.web.servlet.DispatcherServlet.processDispatchResult(DispatcherServlet.java:1034)]
Null ModelAndView returned to DispatcherServlet with name 'SpringMVC': assuming HandlerAdapter completed request handling
[DEBUG][2018/10/11 11:27:17280][org.springframework.web.servlet.FrameworkServlet.processRequest(FrameworkServlet.java:996)]
Successfully completed request
[DEBUG][2018/10/11 11:27:19169][org.springframework.web.servlet.DispatcherServlet.doService(DispatcherServlet.java:861)]
DispatcherServlet with name 'SpringMVC' processing POST request for [/ssm/user/getUser]
[DEBUG][2018/10/11 11:27:19170][org.springframework.web.servlet.handler.AbstractHandlerMethodMapping.getHandlerInternal(AbstractHandlerMethodMapping.java:294)]
Looking up handler method for path /user/getUser
[DEBUG][2018/10/11 11:27:19170][org.springframework.web.servlet.handler.AbstractHandlerMethodMapping.getHandlerInternal(AbstractHandlerMethodMapping.java:299)]
Returning handler method [public com.study.ssm.model.User com.study.ssm.controller.UserController.getUser(java.lang.Integer)]
[DEBUG][2018/10/11 11:27:19170][org.springframework.beans.factory.support.AbstractBeanFactory.doGetBean(AbstractBeanFactory.java:248)]
Returning cached instance of singleton bean 'userController'
[DEBUG][2018/10/11 11:27:19171][org.mybatis.spring.SqlSessionUtils.getSqlSession(SqlSessionUtils.java:104)]
Creating a new SqlSession
[DEBUG][2018/10/11 11:27:19171][org.mybatis.spring.SqlSessionUtils.getSqlSession(SqlSessionUtils.java:140)]
SqlSession [org.apache.ibatis.session.defaults.DefaultSqlSession@19ad60c0] was not registered for synchronization because synchronization is not active
[DEBUG][2018/10/11 11:27:19171][org.springframework.jdbc.datasource.DataSourceUtils.doGetConnection(DataSourceUtils.java:110)]
Fetching JDBC Connection from DataSource
[DEBUG][2018/10/11 11:27:19185][org.mybatis.spring.transaction.SpringManagedTransaction.openConnection(SpringManagedTransaction.java:86)]
JDBC Connection [jdbc:mysql://101.132.116.22:3306/db_zsl?useSSL=false, UserName=root@36.5.116.113, MySQL Connector Java] will not be managed by Spring
[DEBUG][2018/10/11 11:27:19186][org.apache.ibatis.logging.jdbc.BaseJdbcLogger.debug(BaseJdbcLogger.java:139)]
==>  Preparing: select id, user_name, password, age from user_t where id = ? 
[DEBUG][2018/10/11 11:27:19186][org.apache.ibatis.logging.jdbc.BaseJdbcLogger.debug(BaseJdbcLogger.java:139)]
==> Parameters: 1(Integer)
[DEBUG][2018/10/11 11:27:19204][org.apache.ibatis.logging.jdbc.BaseJdbcLogger.debug(BaseJdbcLogger.java:139)]
<==      Total: 1
[DEBUG][2018/10/11 11:27:19206][org.mybatis.spring.SqlSessionUtils.closeSqlSession(SqlSessionUtils.java:168)]
Closing non transactional SqlSession [org.apache.ibatis.session.defaults.DefaultSqlSession@19ad60c0]
[DEBUG][2018/10/11 11:27:19206][org.springframework.jdbc.datasource.DataSourceUtils.doReleaseConnection(DataSourceUtils.java:327)]
Returning JDBC Connection to DataSource
[DEBUG][2018/10/11 11:27:19208][org.springframework.web.servlet.mvc.method.annotation.AbstractMessageConverterMethodProcessor.writeWithMessageConverters(AbstractMessageConverterMethodProcessor.java:163)]
Written [User [Hash = 67317464, id=1, userName=杜健, password=sfasgfaf, age=24, serialVersionUID=1]] as "application/json;charset=utf-8" using [org.springframework.http.converter.json.MappingJackson2HttpMessageConverter@7a0ad36]
[DEBUG][2018/10/11 11:27:19208][org.springframework.web.servlet.DispatcherServlet.processDispatchResult(DispatcherServlet.java:1034)]
Null ModelAndView returned to DispatcherServlet with name 'SpringMVC': assuming HandlerAdapter completed request handling
[DEBUG][2018/10/11 11:27:19208][org.springframework.web.servlet.FrameworkServlet.processRequest(FrameworkServlet.java:996)]
Successfully completed request
[DEBUG][2018/10/11 11:27:24767][org.springframework.web.servlet.DispatcherServlet.doService(DispatcherServlet.java:861)]
DispatcherServlet with name 'SpringMVC' processing POST request for [/ssm/user/getUser]
[DEBUG][2018/10/11 11:27:24767][org.springframework.web.servlet.handler.AbstractHandlerMethodMapping.getHandlerInternal(AbstractHandlerMethodMapping.java:294)]
Looking up handler method for path /user/getUser
[DEBUG][2018/10/11 11:27:24768][org.springframework.web.servlet.handler.AbstractHandlerMethodMapping.getHandlerInternal(AbstractHandlerMethodMapping.java:299)]
Returning handler method [public com.study.ssm.model.User com.study.ssm.controller.UserController.getUser(java.lang.Integer)]
[DEBUG][2018/10/11 11:27:24768][org.springframework.beans.factory.support.AbstractBeanFactory.doGetBean(AbstractBeanFactory.java:248)]
Returning cached instance of singleton bean 'userController'
[DEBUG][2018/10/11 11:27:24769][org.mybatis.spring.SqlSessionUtils.getSqlSession(SqlSessionUtils.java:104)]
Creating a new SqlSession
[DEBUG][2018/10/11 11:27:24769][org.mybatis.spring.SqlSessionUtils.getSqlSession(SqlSessionUtils.java:140)]
SqlSession [org.apache.ibatis.session.defaults.DefaultSqlSession@2bcb576c] was not registered for synchronization because synchronization is not active
[DEBUG][2018/10/11 11:27:24770][org.springframework.jdbc.datasource.DataSourceUtils.doGetConnection(DataSourceUtils.java:110)]
Fetching JDBC Connection from DataSource
[DEBUG][2018/10/11 11:27:24787][org.mybatis.spring.transaction.SpringManagedTransaction.openConnection(SpringManagedTransaction.java:86)]
JDBC Connection [jdbc:mysql://101.132.116.22:3306/db_zsl?useSSL=false, UserName=root@36.5.116.113, MySQL Connector Java] will not be managed by Spring
[DEBUG][2018/10/11 11:27:24788][org.apache.ibatis.logging.jdbc.BaseJdbcLogger.debug(BaseJdbcLogger.java:139)]
==>  Preparing: select id, user_name, password, age from user_t where id = ? 
[DEBUG][2018/10/11 11:27:24789][org.apache.ibatis.logging.jdbc.BaseJdbcLogger.debug(BaseJdbcLogger.java:139)]
==> Parameters: 3(Integer)
[DEBUG][2018/10/11 11:27:24806][org.apache.ibatis.logging.jdbc.BaseJdbcLogger.debug(BaseJdbcLogger.java:139)]
<==      Total: 1
[DEBUG][2018/10/11 11:27:24807][org.mybatis.spring.SqlSessionUtils.closeSqlSession(SqlSessionUtils.java:168)]
Closing non transactional SqlSession [org.apache.ibatis.session.defaults.DefaultSqlSession@2bcb576c]
[DEBUG][2018/10/11 11:27:24808][org.springframework.jdbc.datasource.DataSourceUtils.doReleaseConnection(DataSourceUtils.java:327)]
Returning JDBC Connection to DataSource
[DEBUG][2018/10/11 11:27:24809][org.springframework.web.servlet.mvc.method.annotation.AbstractMessageConverterMethodProcessor.writeWithMessageConverters(AbstractMessageConverterMethodProcessor.java:163)]
Written [User [Hash = -90505805, id=3, userName=songQing, password=123456, age=18, serialVersionUID=1]] as "application/json;charset=utf-8" using [org.springframework.http.converter.json.MappingJackson2HttpMessageConverter@7a0ad36]
[DEBUG][2018/10/11 11:27:24810][org.springframework.web.servlet.DispatcherServlet.processDispatchResult(DispatcherServlet.java:1034)]
Null ModelAndView returned to DispatcherServlet with name 'SpringMVC': assuming HandlerAdapter completed request handling
[DEBUG][2018/10/11 11:27:24810][org.springframework.web.servlet.FrameworkServlet.processRequest(FrameworkServlet.java:996)]
Successfully completed request
[DEBUG][2018/10/11 11:27:37542][org.springframework.web.servlet.DispatcherServlet.doService(DispatcherServlet.java:861)]
DispatcherServlet with name 'SpringMVC' processing GET request for [/ssm/user/userList]
[DEBUG][2018/10/11 11:27:37542][org.springframework.web.servlet.handler.AbstractHandlerMethodMapping.getHandlerInternal(AbstractHandlerMethodMapping.java:294)]
Looking up handler method for path /user/userList
[DEBUG][2018/10/11 11:27:37543][org.springframework.web.servlet.handler.AbstractHandlerMethodMapping.getHandlerInternal(AbstractHandlerMethodMapping.java:299)]
Returning handler method [public java.lang.String com.study.ssm.controller.UserController.getUserList(org.springframework.ui.Model)]
[DEBUG][2018/10/11 11:27:37543][org.springframework.beans.factory.support.AbstractBeanFactory.doGetBean(AbstractBeanFactory.java:248)]
Returning cached instance of singleton bean 'userController'
[DEBUG][2018/10/11 11:27:37543][org.springframework.web.servlet.DispatcherServlet.doDispatch(DispatcherServlet.java:947)]
Last-Modified value for [/ssm/user/userList] is: -1
[DEBUG][2018/10/11 11:27:37544][org.mybatis.spring.SqlSessionUtils.getSqlSession(SqlSessionUtils.java:104)]
Creating a new SqlSession
[DEBUG][2018/10/11 11:27:37544][org.mybatis.spring.SqlSessionUtils.getSqlSession(SqlSessionUtils.java:140)]
SqlSession [org.apache.ibatis.session.defaults.DefaultSqlSession@434bfb0c] was not registered for synchronization because synchronization is not active
[DEBUG][2018/10/11 11:27:37545][org.springframework.jdbc.datasource.DataSourceUtils.doGetConnection(DataSourceUtils.java:110)]
Fetching JDBC Connection from DataSource
[DEBUG][2018/10/11 11:27:37559][org.mybatis.spring.transaction.SpringManagedTransaction.openConnection(SpringManagedTransaction.java:86)]
JDBC Connection [jdbc:mysql://101.132.116.22:3306/db_zsl?useSSL=false, UserName=root@36.5.116.113, MySQL Connector Java] will not be managed by Spring
[DEBUG][2018/10/11 11:27:37560][org.apache.ibatis.logging.jdbc.BaseJdbcLogger.debug(BaseJdbcLogger.java:139)]
==>  Preparing: select id, user_name, password, age from user_t 
[DEBUG][2018/10/11 11:27:37561][org.apache.ibatis.logging.jdbc.BaseJdbcLogger.debug(BaseJdbcLogger.java:139)]
==> Parameters: 
[DEBUG][2018/10/11 11:27:37580][org.apache.ibatis.logging.jdbc.BaseJdbcLogger.debug(BaseJdbcLogger.java:139)]
<==      Total: 14
[DEBUG][2018/10/11 11:27:37580][org.mybatis.spring.SqlSessionUtils.closeSqlSession(SqlSessionUtils.java:168)]
Closing non transactional SqlSession [org.apache.ibatis.session.defaults.DefaultSqlSession@434bfb0c]
[DEBUG][2018/10/11 11:27:37581][org.springframework.jdbc.datasource.DataSourceUtils.doReleaseConnection(DataSourceUtils.java:327)]
Returning JDBC Connection to DataSource
[DEBUG][2018/10/11 11:27:37581][org.springframework.web.servlet.DispatcherServlet.render(DispatcherServlet.java:1241)]
Rendering view [org.springframework.web.servlet.view.JstlView: name 'userList'; URL [/WEB-INF/jsp/userList.jsp]] in DispatcherServlet with name 'SpringMVC'
[DEBUG][2018/10/11 11:27:37582][org.springframework.web.servlet.view.AbstractView.exposeModelAsRequestAttributes(AbstractView.java:432)]
Added model object 'userList' of type [java.util.ArrayList] to request in view with name 'userList'
[DEBUG][2018/10/11 11:27:37582][org.springframework.web.servlet.view.InternalResourceView.renderMergedOutputModel(InternalResourceView.java:166)]
Forwarding to resource [/WEB-INF/jsp/userList.jsp] in InternalResourceView 'userList'
[DEBUG][2018/10/11 11:27:37586][org.springframework.web.servlet.FrameworkServlet.processRequest(FrameworkServlet.java:996)]
Successfully completed request
