[DEBUG][2018/10/11 08:39:17416][org.springframework.web.servlet.DispatcherServlet.doService(DispatcherServlet.java:861)]
DispatcherServlet with name 'SpringMVC' processing POST request for [/ssm/user/insertUser]
[DEBUG][2018/10/11 08:39:17421][org.springframework.web.servlet.handler.AbstractHandlerMethodMapping.getHandlerInternal(AbstractHandlerMethodMapping.java:294)]
Looking up handler method for path /user/insertUser
[DEBUG][2018/10/11 08:39:17421][org.springframework.web.servlet.handler.AbstractHandlerMethodMapping.getHandlerInternal(AbstractHandlerMethodMapping.java:299)]
Returning handler method [public java.lang.String com.study.ssm.controller.UserController.insertUser(com.study.ssm.model.User)]
[DEBUG][2018/10/11 08:39:17422][org.springframework.beans.factory.support.AbstractBeanFactory.doGetBean(AbstractBeanFactory.java:248)]
Returning cached instance of singleton bean 'userController'
[DEBUG][2018/10/11 08:39:17456][org.mybatis.spring.SqlSessionUtils.getSqlSession(SqlSessionUtils.java:104)]
Creating a new SqlSession
[DEBUG][2018/10/11 08:39:17466][org.mybatis.spring.SqlSessionUtils.getSqlSession(SqlSessionUtils.java:140)]
SqlSession [org.apache.ibatis.session.defaults.DefaultSqlSession@61f7f13c] was not registered for synchronization because synchronization is not active
[DEBUG][2018/10/11 08:39:17478][org.springframework.jdbc.datasource.DataSourceUtils.doGetConnection(DataSourceUtils.java:110)]
Fetching JDBC Connection from DataSource
[DEBUG][2018/10/11 08:39:18261][org.mybatis.spring.transaction.SpringManagedTransaction.openConnection(SpringManagedTransaction.java:86)]
JDBC Connection [jdbc:mysql://101.132.116.22:3306/db_zsl?useSSL=false, UserName=root@36.5.116.113, MySQL Connector Java] will not be managed by Spring
[DEBUG][2018/10/11 08:39:18269][org.apache.ibatis.logging.jdbc.BaseJdbcLogger.debug(BaseJdbcLogger.java:139)]
==>  Preparing: insert into user_t (id, user_name, password, age) values (?, ?, ?, ?) 
[DEBUG][2018/10/11 08:39:18338][org.apache.ibatis.logging.jdbc.BaseJdbcLogger.debug(BaseJdbcLogger.java:139)]
==> Parameters: null, 贾凯(String), 1234(String), 18(Integer)
[DEBUG][2018/10/11 08:39:18371][org.apache.ibatis.logging.jdbc.BaseJdbcLogger.debug(BaseJdbcLogger.java:139)]
<==    Updates: 1
[DEBUG][2018/10/11 08:39:18371][org.mybatis.spring.SqlSessionUtils.closeSqlSession(SqlSessionUtils.java:168)]
Closing non transactional SqlSession [org.apache.ibatis.session.defaults.DefaultSqlSession@61f7f13c]
[DEBUG][2018/10/11 08:39:18372][org.springframework.jdbc.datasource.DataSourceUtils.doReleaseConnection(DataSourceUtils.java:327)]
Returning JDBC Connection to DataSource
[DEBUG][2018/10/11 08:39:18388][org.springframework.web.servlet.mvc.method.annotation.AbstractMessageConverterMethodProcessor.writeWithMessageConverters(AbstractMessageConverterMethodProcessor.java:163)]
Written [添加用户成功] as "text/html" using [org.springframework.http.converter.StringHttpMessageConverter@6bad2efe]
[DEBUG][2018/10/11 08:39:18389][org.springframework.web.servlet.DispatcherServlet.processDispatchResult(DispatcherServlet.java:1034)]
Null ModelAndView returned to DispatcherServlet with name 'SpringMVC': assuming HandlerAdapter completed request handling
[DEBUG][2018/10/11 08:39:18389][org.springframework.web.servlet.FrameworkServlet.processRequest(FrameworkServlet.java:996)]
Successfully completed request
[DEBUG][2018/10/11 08:39:18860][org.springframework.web.servlet.DispatcherServlet.doService(DispatcherServlet.java:861)]
DispatcherServlet with name 'SpringMVC' processing GET request for [/ssm/fonts/glyphicons-halflings-regular.woff2]
[DEBUG][2018/10/11 08:39:18860][org.springframework.web.servlet.handler.AbstractHandlerMethodMapping.getHandlerInternal(AbstractHandlerMethodMapping.java:294)]
Looking up handler method for path /fonts/glyphicons-halflings-regular.woff2
[DEBUG][2018/10/11 08:39:18861][org.springframework.web.servlet.handler.AbstractHandlerMethodMapping.getHandlerInternal(AbstractHandlerMethodMapping.java:302)]
Did not find handler method for [/fonts/glyphicons-halflings-regular.woff2]
[DEBUG][2018/10/11 08:39:18861][org.springframework.web.servlet.handler.AbstractUrlHandlerMapping.lookupHandler(AbstractUrlHandlerMapping.java:168)]
Matching patterns for request [/fonts/glyphicons-halflings-regular.woff2] are [/fonts/**]
[DEBUG][2018/10/11 08:39:18862][org.springframework.web.servlet.handler.AbstractUrlHandlerMapping.lookupHandler(AbstractUrlHandlerMapping.java:193)]
URI Template variables for request [/fonts/glyphicons-halflings-regular.woff2] are {}
[DEBUG][2018/10/11 08:39:18862][org.springframework.web.servlet.handler.AbstractUrlHandlerMapping.getHandlerInternal(AbstractUrlHandlerMapping.java:123)]
Mapping [/fonts/glyphicons-halflings-regular.woff2] to HandlerExecutionChain with handler [ResourceHttpRequestHandler [locations=[ServletContext resource [/fonts/]], resolvers=[org.springframework.web.servlet.resource.PathResourceResolver@16e60f0b]]] and 1 interceptor
[DEBUG][2018/10/11 08:39:18862][org.springframework.web.servlet.DispatcherServlet.doDispatch(DispatcherServlet.java:947)]
Last-Modified value for [/ssm/fonts/glyphicons-halflings-regular.woff2] is: -1
[DEBUG][2018/10/11 08:39:18896][org.springframework.web.servlet.DispatcherServlet.processDispatchResult(DispatcherServlet.java:1034)]
Null ModelAndView returned to DispatcherServlet with name 'SpringMVC': assuming HandlerAdapter completed request handling
[DEBUG][2018/10/11 08:39:18896][org.springframework.web.servlet.FrameworkServlet.processRequest(FrameworkServlet.java:996)]
Successfully completed request
