[DEBUG][2018/10/19 15:32:04306][org.mybatis.spring.transaction.SpringManagedTransaction.openConnection(SpringManagedTransaction.java:86)]
JDBC Connection [org.apache.commons.dbcp.PoolableConnection@636df113] will not be managed by Spring
[DEBUG][2018/10/19 15:32:04309][org.apache.ibatis.logging.jdbc.BaseJdbcLogger.debug(BaseJdbcLogger.java:139)]
==>  Preparing: select id, user_name, password, age from user_t where id = ? 
[DEBUG][2018/10/19 15:32:04312][org.mybatis.spring.SqlSessionUtils.closeSqlSession(SqlSessionUtils.java:168)]
Closing non transactional SqlSession [org.apache.ibatis.session.defaults.DefaultSqlSession@37094245]
[DEBUG][2018/10/19 15:32:04313][org.springframework.jdbc.datasource.DataSourceUtils.doReleaseConnection(DataSourceUtils.java:327)]
Returning JDBC Connection to DataSource
[DEBUG][2018/10/19 15:32:04316][org.springframework.jdbc.datasource.DataSourceUtils.releaseConnection(DataSourceUtils.java:297)]
Could not close JDBC Connection
java.sql.SQLException: Already closed.
	at org.apache.commons.dbcp.PoolableConnection.close(PoolableConnection.java:84)
	at org.apache.commons.dbcp.PoolingDataSource$PoolGuardConnectionWrapper.close(PoolingDataSource.java:181)
	at org.springframework.jdbc.datasource.DataSourceUtils.doCloseConnection(DataSourceUtils.java:341)
	at org.springframework.jdbc.datasource.DataSourceUtils.doReleaseConnection(DataSourceUtils.java:328)
	at org.springframework.jdbc.datasource.DataSourceUtils.releaseConnection(DataSourceUtils.java:294)
	at org.mybatis.spring.transaction.SpringManagedTransaction.close(SpringManagedTransaction.java:123)
	at org.apache.ibatis.executor.BaseExecutor.close(BaseExecutor.java:83)
	at org.apache.ibatis.executor.CachingExecutor.close(CachingExecutor.java:61)
	at org.apache.ibatis.session.defaults.DefaultSqlSession.close(DefaultSqlSession.java:210)
	at org.mybatis.spring.SqlSessionUtils.closeSqlSession(SqlSessionUtils.java:170)
	at org.mybatis.spring.SqlSessionTemplate$SqlSessionInterceptor.invoke(SqlSessionTemplate.java:369)
	at com.sun.proxy.$Proxy31.selectOne(Unknown Source)
	at org.mybatis.spring.SqlSessionTemplate.selectOne(SqlSessionTemplate.java:163)
	at org.apache.ibatis.binding.MapperMethod.execute(MapperMethod.java:68)
	at org.apache.ibatis.binding.MapperProxy.invoke(MapperProxy.java:52)
	at com.sun.proxy.$Proxy32.selectByPrimaryKey(Unknown Source)
	at com.study.ssm.service.impl.UserServiceImpl.getUserById(UserServiceImpl.java:20)
	at com.study.ssm.controller.UserController.getUser(UserController.java:38)
	at sun.reflect.NativeMethodAccessorImpl.invoke0(Native Method)
	at sun.reflect.NativeMethodAccessorImpl.invoke(NativeMethodAccessorImpl.java:62)
	at sun.reflect.DelegatingMethodAccessorImpl.invoke(DelegatingMethodAccessorImpl.java:43)
	at java.lang.reflect.Method.invoke(Method.java:498)
	at org.springframework.web.method.support.InvocableHandlerMethod.doInvoke(InvocableHandlerMethod.java:221)
	at org.springframework.web.method.support.InvocableHandlerMethod.invokeForRequest(InvocableHandlerMethod.java:137)
	at org.springframework.web.servlet.mvc.method.annotation.ServletInvocableHandlerMethod.invokeAndHandle(ServletInvocableHandlerMethod.java:110)
	at org.springframework.web.servlet.mvc.method.annotation.RequestMappingHandlerAdapter.invokeHandleMethod(RequestMappingHandlerAdapter.java:776)
	at org.springframework.web.servlet.mvc.method.annotation.RequestMappingHandlerAdapter.handleInternal(RequestMappingHandlerAdapter.java:705)
	at org.springframework.web.servlet.mvc.method.AbstractHandlerMethodAdapter.handle(AbstractHandlerMethodAdapter.java:85)
	at org.springframework.web.servlet.DispatcherServlet.doDispatch(DispatcherServlet.java:959)
	at org.springframework.web.servlet.DispatcherServlet.doService(DispatcherServlet.java:893)
	at org.springframework.web.servlet.FrameworkServlet.processRequest(FrameworkServlet.java:966)
	at org.springframework.web.servlet.FrameworkServlet.doPost(FrameworkServlet.java:868)
	at javax.servlet.http.HttpServlet.service(HttpServlet.java:647)
	at org.springframework.web.servlet.FrameworkServlet.service(FrameworkServlet.java:842)
	at javax.servlet.http.HttpServlet.service(HttpServlet.java:728)
	at org.apache.catalina.core.ApplicationFilterChain.internalDoFilter(ApplicationFilterChain.java:305)
	at org.apache.catalina.core.ApplicationFilterChain.doFilter(ApplicationFilterChain.java:210)
	at org.apache.tomcat.websocket.server.WsFilter.doFilter(WsFilter.java:51)
	at org.apache.catalina.core.ApplicationFilterChain.internalDoFilter(ApplicationFilterChain.java:243)
	at org.apache.catalina.core.ApplicationFilterChain.doFilter(ApplicationFilterChain.java:210)
	at org.springframework.web.filter.CharacterEncodingFilter.doFilterInternal(CharacterEncodingFilter.java:85)
	at org.springframework.web.filter.OncePerRequestFilter.doFilter(OncePerRequestFilter.java:107)
	at org.apache.catalina.core.ApplicationFilterChain.internalDoFilter(ApplicationFilterChain.java:243)
	at org.apache.catalina.core.ApplicationFilterChain.doFilter(ApplicationFilterChain.java:210)
	at org.apache.catalina.core.StandardWrapperValve.invoke(StandardWrapperValve.java:222)
	at org.apache.catalina.core.StandardContextValve.invoke(StandardContextValve.java:123)
	at org.apache.catalina.authenticator.AuthenticatorBase.invoke(AuthenticatorBase.java:502)
	at org.apache.catalina.core.StandardHostValve.invoke(StandardHostValve.java:171)
	at org.apache.catalina.valves.ErrorReportValve.invoke(ErrorReportValve.java:100)
	at org.apache.catalina.valves.AccessLogValve.invoke(AccessLogValve.java:953)
	at org.apache.catalina.core.StandardEngineValve.invoke(StandardEngineValve.java:118)
	at org.apache.catalina.connector.CoyoteAdapter.service(CoyoteAdapter.java:408)
	at org.apache.coyote.http11.AbstractHttp11Processor.process(AbstractHttp11Processor.java:1041)
	at org.apache.coyote.AbstractProtocol$AbstractConnectionHandler.process(AbstractProtocol.java:603)
	at org.apache.tomcat.util.net.JIoEndpoint$SocketProcessor.run(JIoEndpoint.java:310)
	at java.util.concurrent.ThreadPoolExecutor.runWorker(ThreadPoolExecutor.java:1149)
	at java.util.concurrent.ThreadPoolExecutor$Worker.run(ThreadPoolExecutor.java:624)
	at java.lang.Thread.run(Thread.java:748)
[DEBUG][2018/10/19 15:32:04334][org.springframework.core.env.MutablePropertySources.addLast(MutablePropertySources.java:109)]
Adding [systemProperties] PropertySource with lowest search precedence
[DEBUG][2018/10/19 15:32:04335][org.springframework.core.env.MutablePropertySources.addLast(MutablePropertySources.java:109)]
Adding [systemEnvironment] PropertySource with lowest search precedence
[DEBUG][2018/10/19 15:32:04335][org.springframework.core.env.AbstractEnvironment.<init>(AbstractEnvironment.java:126)]
Initialized StandardEnvironment with PropertySources [systemProperties,systemEnvironment]
[INFO ][2018/10/19 15:32:04336][org.springframework.beans.factory.xml.XmlBeanDefinitionReader.loadBeanDefinitions(XmlBeanDefinitionReader.java:317)]
Loading XML bean definitions from class path resource [org/springframework/jdbc/support/sql-error-codes.xml]
[DEBUG][2018/10/19 15:32:04338][org.springframework.beans.factory.xml.DefaultDocumentLoader.loadDocument(DefaultDocumentLoader.java:73)]
Using JAXP provider [com.sun.org.apache.xerces.internal.jaxp.DocumentBuilderFactoryImpl]
[DEBUG][2018/10/19 15:32:04342][org.springframework.beans.factory.xml.BeansDtdResolver.resolveEntity(BeansDtdResolver.java:74)]
Found beans DTD [http://www.springframework.org/dtd/spring-beans-2.0.dtd] in classpath: spring-beans-2.0.dtd
[DEBUG][2018/10/19 15:32:04362][org.springframework.beans.factory.xml.DefaultBeanDefinitionDocumentReader.registerBeanDefinitions(DefaultBeanDefinitionDocumentReader.java:98)]
Loading bean definitions
[DEBUG][2018/10/19 15:32:04373][org.springframework.beans.factory.support.DefaultSingletonBeanRegistry.getSingleton(DefaultSingletonBeanRegistry.java:221)]
Creating shared instance of singleton bean 'DB2'
[DEBUG][2018/10/19 15:32:04373][org.springframework.beans.factory.support.AbstractAutowireCapableBeanFactory.createBean(AbstractAutowireCapableBeanFactory.java:450)]
Creating instance of bean 'DB2'
[DEBUG][2018/10/19 15:32:04374][org.springframework.beans.factory.support.AbstractAutowireCapableBeanFactory.doCreateBean(AbstractAutowireCapableBeanFactory.java:523)]
Eagerly caching bean 'DB2' to allow for resolving potential circular references
[DEBUG][2018/10/19 15:32:04386][org.springframework.beans.factory.support.AbstractAutowireCapableBeanFactory.createBean(AbstractAutowireCapableBeanFactory.java:478)]
Finished creating instance of bean 'DB2'
[DEBUG][2018/10/19 15:32:04387][org.springframework.beans.factory.support.DefaultSingletonBeanRegistry.getSingleton(DefaultSingletonBeanRegistry.java:221)]
Creating shared instance of singleton bean 'Derby'
[DEBUG][2018/10/19 15:32:04387][org.springframework.beans.factory.support.AbstractAutowireCapableBeanFactory.createBean(AbstractAutowireCapableBeanFactory.java:450)]
Creating instance of bean 'Derby'
[DEBUG][2018/10/19 15:32:04387][org.springframework.beans.factory.support.AbstractAutowireCapableBeanFactory.doCreateBean(AbstractAutowireCapableBeanFactory.java:523)]
Eagerly caching bean 'Derby' to allow for resolving potential circular references
[DEBUG][2018/10/19 15:32:04412][org.springframework.beans.factory.support.AbstractAutowireCapableBeanFactory.createBean(AbstractAutowireCapableBeanFactory.java:478)]
Finished creating instance of bean 'Derby'
[DEBUG][2018/10/19 15:32:04413][org.springframework.beans.factory.support.DefaultSingletonBeanRegistry.getSingleton(DefaultSingletonBeanRegistry.java:221)]
Creating shared instance of singleton bean 'H2'
[DEBUG][2018/10/19 15:32:04413][org.springframework.beans.factory.support.AbstractAutowireCapableBeanFactory.createBean(AbstractAutowireCapableBeanFactory.java:450)]
Creating instance of bean 'H2'
[DEBUG][2018/10/19 15:32:04413][org.springframework.beans.factory.support.AbstractAutowireCapableBeanFactory.doCreateBean(AbstractAutowireCapableBeanFactory.java:523)]
Eagerly caching bean 'H2' to allow for resolving potential circular references
[DEBUG][2018/10/19 15:32:04415][org.springframework.beans.factory.support.AbstractAutowireCapableBeanFactory.createBean(AbstractAutowireCapableBeanFactory.java:478)]
Finished creating instance of bean 'H2'
[DEBUG][2018/10/19 15:32:04415][org.springframework.beans.factory.support.DefaultSingletonBeanRegistry.getSingleton(DefaultSingletonBeanRegistry.java:221)]
Creating shared instance of singleton bean 'HSQL'
[DEBUG][2018/10/19 15:32:04422][org.springframework.beans.factory.support.AbstractAutowireCapableBeanFactory.createBean(AbstractAutowireCapableBeanFactory.java:450)]
Creating instance of bean 'HSQL'
[DEBUG][2018/10/19 15:32:04422][org.springframework.beans.factory.support.AbstractAutowireCapableBeanFactory.doCreateBean(AbstractAutowireCapableBeanFactory.java:523)]
Eagerly caching bean 'HSQL' to allow for resolving potential circular references
[DEBUG][2018/10/19 15:32:04423][org.springframework.beans.factory.support.AbstractAutowireCapableBeanFactory.createBean(AbstractAutowireCapableBeanFactory.java:478)]
Finished creating instance of bean 'HSQL'
[DEBUG][2018/10/19 15:32:04424][org.springframework.beans.factory.support.DefaultSingletonBeanRegistry.getSingleton(DefaultSingletonBeanRegistry.java:221)]
Creating shared instance of singleton bean 'Informix'
[DEBUG][2018/10/19 15:32:04424][org.springframework.beans.factory.support.AbstractAutowireCapableBeanFactory.createBean(AbstractAutowireCapableBeanFactory.java:450)]
Creating instance of bean 'Informix'
[DEBUG][2018/10/19 15:32:04424][org.springframework.beans.factory.support.AbstractAutowireCapableBeanFactory.doCreateBean(AbstractAutowireCapableBeanFactory.java:523)]
Eagerly caching bean 'Informix' to allow for resolving potential circular references
[DEBUG][2018/10/19 15:32:04426][org.springframework.beans.factory.support.AbstractAutowireCapableBeanFactory.createBean(AbstractAutowireCapableBeanFactory.java:478)]
Finished creating instance of bean 'Informix'
[DEBUG][2018/10/19 15:32:04427][org.springframework.beans.factory.support.DefaultSingletonBeanRegistry.getSingleton(DefaultSingletonBeanRegistry.java:221)]
Creating shared instance of singleton bean 'MS-SQL'
[DEBUG][2018/10/19 15:32:04427][org.springframework.beans.factory.support.AbstractAutowireCapableBeanFactory.createBean(AbstractAutowireCapableBeanFactory.java:450)]
Creating instance of bean 'MS-SQL'
[DEBUG][2018/10/19 15:32:04428][org.springframework.beans.factory.support.AbstractAutowireCapableBeanFactory.doCreateBean(AbstractAutowireCapableBeanFactory.java:523)]
Eagerly caching bean 'MS-SQL' to allow for resolving potential circular references
[DEBUG][2018/10/19 15:32:04434][org.springframework.beans.factory.support.AbstractAutowireCapableBeanFactory.createBean(AbstractAutowireCapableBeanFactory.java:478)]
Finished creating instance of bean 'MS-SQL'
[DEBUG][2018/10/19 15:32:04435][org.springframework.beans.factory.support.DefaultSingletonBeanRegistry.getSingleton(DefaultSingletonBeanRegistry.java:221)]
Creating shared instance of singleton bean 'MySQL'
[DEBUG][2018/10/19 15:32:04435][org.springframework.beans.factory.support.AbstractAutowireCapableBeanFactory.createBean(AbstractAutowireCapableBeanFactory.java:450)]
Creating instance of bean 'MySQL'
[DEBUG][2018/10/19 15:32:04436][org.springframework.beans.factory.support.AbstractAutowireCapableBeanFactory.doCreateBean(AbstractAutowireCapableBeanFactory.java:523)]
Eagerly caching bean 'MySQL' to allow for resolving potential circular references
[DEBUG][2018/10/19 15:32:04438][org.springframework.beans.factory.support.AbstractAutowireCapableBeanFactory.createBean(AbstractAutowireCapableBeanFactory.java:478)]
Finished creating instance of bean 'MySQL'
[DEBUG][2018/10/19 15:32:04439][org.springframework.beans.factory.support.DefaultSingletonBeanRegistry.getSingleton(DefaultSingletonBeanRegistry.java:221)]
Creating shared instance of singleton bean 'Oracle'
[DEBUG][2018/10/19 15:32:04440][org.springframework.beans.factory.support.AbstractAutowireCapableBeanFactory.createBean(AbstractAutowireCapableBeanFactory.java:450)]
Creating instance of bean 'Oracle'
[DEBUG][2018/10/19 15:32:04440][org.springframework.beans.factory.support.AbstractAutowireCapableBeanFactory.doCreateBean(AbstractAutowireCapableBeanFactory.java:523)]
Eagerly caching bean 'Oracle' to allow for resolving potential circular references
[DEBUG][2018/10/19 15:32:04441][org.springframework.beans.factory.support.AbstractAutowireCapableBeanFactory.createBean(AbstractAutowireCapableBeanFactory.java:478)]
Finished creating instance of bean 'Oracle'
[DEBUG][2018/10/19 15:32:04441][org.springframework.beans.factory.support.DefaultSingletonBeanRegistry.getSingleton(DefaultSingletonBeanRegistry.java:221)]
Creating shared instance of singleton bean 'PostgreSQL'
[DEBUG][2018/10/19 15:32:04441][org.springframework.beans.factory.support.AbstractAutowireCapableBeanFactory.createBean(AbstractAutowireCapableBeanFactory.java:450)]
Creating instance of bean 'PostgreSQL'
[DEBUG][2018/10/19 15:32:04442][org.springframework.beans.factory.support.AbstractAutowireCapableBeanFactory.doCreateBean(AbstractAutowireCapableBeanFactory.java:523)]
Eagerly caching bean 'PostgreSQL' to allow for resolving potential circular references
[DEBUG][2018/10/19 15:32:04443][org.springframework.beans.factory.support.AbstractAutowireCapableBeanFactory.createBean(AbstractAutowireCapableBeanFactory.java:478)]
Finished creating instance of bean 'PostgreSQL'
[DEBUG][2018/10/19 15:32:04443][org.springframework.beans.factory.support.DefaultSingletonBeanRegistry.getSingleton(DefaultSingletonBeanRegistry.java:221)]
Creating shared instance of singleton bean 'Sybase'
[DEBUG][2018/10/19 15:32:04443][org.springframework.beans.factory.support.AbstractAutowireCapableBeanFactory.createBean(AbstractAutowireCapableBeanFactory.java:450)]
Creating instance of bean 'Sybase'
[DEBUG][2018/10/19 15:32:04444][org.springframework.beans.factory.support.AbstractAutowireCapableBeanFactory.doCreateBean(AbstractAutowireCapableBeanFactory.java:523)]
Eagerly caching bean 'Sybase' to allow for resolving potential circular references
[DEBUG][2018/10/19 15:32:04445][org.springframework.beans.factory.support.AbstractAutowireCapableBeanFactory.createBean(AbstractAutowireCapableBeanFactory.java:478)]
Finished creating instance of bean 'Sybase'
[DEBUG][2018/10/19 15:32:04445][org.springframework.beans.factory.support.DefaultSingletonBeanRegistry.getSingleton(DefaultSingletonBeanRegistry.java:221)]
Creating shared instance of singleton bean 'Hana'
[DEBUG][2018/10/19 15:32:04445][org.springframework.beans.factory.support.AbstractAutowireCapableBeanFactory.createBean(AbstractAutowireCapableBeanFactory.java:450)]
Creating instance of bean 'Hana'
[DEBUG][2018/10/19 15:32:04446][org.springframework.beans.factory.support.AbstractAutowireCapableBeanFactory.doCreateBean(AbstractAutowireCapableBeanFactory.java:523)]
Eagerly caching bean 'Hana' to allow for resolving potential circular references
[DEBUG][2018/10/19 15:32:04447][org.springframework.beans.factory.support.AbstractAutowireCapableBeanFactory.createBean(AbstractAutowireCapableBeanFactory.java:478)]
Finished creating instance of bean 'Hana'
[INFO ][2018/10/19 15:32:04447][org.springframework.jdbc.support.SQLErrorCodesFactory.<init>(SQLErrorCodesFactory.java:126)]
SQLErrorCodes loaded: [DB2, Derby, H2, HSQL, Informix, MS-SQL, MySQL, Oracle, PostgreSQL, Sybase, Hana]
[DEBUG][2018/10/19 15:32:04448][org.springframework.jdbc.support.SQLErrorCodesFactory.getErrorCodes(SQLErrorCodesFactory.java:199)]
Looking up default SQLErrorCodes for DataSource [org.apache.commons.dbcp.BasicDataSource@6a592488]
[DEBUG][2018/10/19 15:32:04451][org.springframework.jdbc.datasource.DataSourceUtils.doGetConnection(DataSourceUtils.java:110)]
Fetching JDBC Connection from DataSource
[DEBUG][2018/10/19 15:32:04452][org.springframework.jdbc.datasource.DataSourceUtils.doReleaseConnection(DataSourceUtils.java:327)]
Returning JDBC Connection to DataSource
[DEBUG][2018/10/19 15:32:04453][org.springframework.jdbc.support.SQLErrorCodesFactory.getErrorCodes(SQLErrorCodesFactory.java:217)]
Database product name cached for DataSource [org.apache.commons.dbcp.BasicDataSource@6a592488]: name is 'MySQL'
[DEBUG][2018/10/19 15:32:04454][org.springframework.jdbc.support.SQLErrorCodesFactory.getErrorCodes(SQLErrorCodesFactory.java:175)]
SQL error codes for 'MySQL' found
[DEBUG][2018/10/19 15:32:04455][org.springframework.jdbc.support.SQLErrorCodeSQLExceptionTranslator.doTranslate(SQLErrorCodeSQLExceptionTranslator.java:281)]
Unable to translate SQLException with Error code '0', will now try the fallback translator
[DEBUG][2018/10/19 15:32:04457][org.springframework.web.servlet.handler.AbstractHandlerExceptionResolver.resolveException(AbstractHandlerExceptionResolver.java:134)]
Resolving exception from handler [public com.study.ssm.model.User com.study.ssm.controller.UserController.getUser(java.lang.Integer)]: org.springframework.dao.DataAccessResourceFailureException: 
### Error querying database.  Cause: com.mysql.jdbc.exceptions.jdbc4.MySQLNonTransientConnectionException: No operations allowed after connection closed.
### The error may exist in file [D:\JAVA\spring-tool-suite-3.9.2.RELEASE-e4.7.2-win32-x86_64\springsuite-workSpace\ssm\target\classes\com\study\ssm\mapping\UserMapper.xml]
### The error may involve com.study.ssm.dao.UserMapper.selectByPrimaryKey
### The error occurred while executing a query
### SQL: select                 id, user_name, password, age         from user_t     where id = ?
### Cause: com.mysql.jdbc.exceptions.jdbc4.MySQLNonTransientConnectionException: No operations allowed after connection closed.
; SQL []; No operations allowed after connection closed.; nested exception is com.mysql.jdbc.exceptions.jdbc4.MySQLNonTransientConnectionException: No operations allowed after connection closed.
[DEBUG][2018/10/19 15:32:04458][org.springframework.web.servlet.handler.AbstractHandlerExceptionResolver.resolveException(AbstractHandlerExceptionResolver.java:134)]
Resolving exception from handler [public com.study.ssm.model.User com.study.ssm.controller.UserController.getUser(java.lang.Integer)]: org.springframework.dao.DataAccessResourceFailureException: 
### Error querying database.  Cause: com.mysql.jdbc.exceptions.jdbc4.MySQLNonTransientConnectionException: No operations allowed after connection closed.
### The error may exist in file [D:\JAVA\spring-tool-suite-3.9.2.RELEASE-e4.7.2-win32-x86_64\springsuite-workSpace\ssm\target\classes\com\study\ssm\mapping\UserMapper.xml]
### The error may involve com.study.ssm.dao.UserMapper.selectByPrimaryKey
### The error occurred while executing a query
### SQL: select                 id, user_name, password, age         from user_t     where id = ?
### Cause: com.mysql.jdbc.exceptions.jdbc4.MySQLNonTransientConnectionException: No operations allowed after connection closed.
; SQL []; No operations allowed after connection closed.; nested exception is com.mysql.jdbc.exceptions.jdbc4.MySQLNonTransientConnectionException: No operations allowed after connection closed.
[DEBUG][2018/10/19 15:32:04460][org.springframework.web.servlet.handler.AbstractHandlerExceptionResolver.resolveException(AbstractHandlerExceptionResolver.java:134)]
Resolving exception from handler [public com.study.ssm.model.User com.study.ssm.controller.UserController.getUser(java.lang.Integer)]: org.springframework.dao.DataAccessResourceFailureException: 
### Error querying database.  Cause: com.mysql.jdbc.exceptions.jdbc4.MySQLNonTransientConnectionException: No operations allowed after connection closed.
### The error may exist in file [D:\JAVA\spring-tool-suite-3.9.2.RELEASE-e4.7.2-win32-x86_64\springsuite-workSpace\ssm\target\classes\com\study\ssm\mapping\UserMapper.xml]
### The error may involve com.study.ssm.dao.UserMapper.selectByPrimaryKey
### The error occurred while executing a query
### SQL: select                 id, user_name, password, age         from user_t     where id = ?
### Cause: com.mysql.jdbc.exceptions.jdbc4.MySQLNonTransientConnectionException: No operations allowed after connection closed.
; SQL []; No operations allowed after connection closed.; nested exception is com.mysql.jdbc.exceptions.jdbc4.MySQLNonTransientConnectionException: No operations allowed after connection closed.
[DEBUG][2018/10/19 15:32:04460][org.springframework.web.servlet.handler.AbstractHandlerExceptionResolver.resolveException(AbstractHandlerExceptionResolver.java:134)]
Resolving exception from handler [public com.study.ssm.model.User com.study.ssm.controller.UserController.getUser(java.lang.Integer)]: org.springframework.dao.DataAccessResourceFailureException: 
### Error querying database.  Cause: com.mysql.jdbc.exceptions.jdbc4.MySQLNonTransientConnectionException: No operations allowed after connection closed.
### The error may exist in file [D:\JAVA\spring-tool-suite-3.9.2.RELEASE-e4.7.2-win32-x86_64\springsuite-workSpace\ssm\target\classes\com\study\ssm\mapping\UserMapper.xml]
### The error may involve com.study.ssm.dao.UserMapper.selectByPrimaryKey
### The error occurred while executing a query
### SQL: select                 id, user_name, password, age         from user_t     where id = ?
### Cause: com.mysql.jdbc.exceptions.jdbc4.MySQLNonTransientConnectionException: No operations allowed after connection closed.
; SQL []; No operations allowed after connection closed.; nested exception is com.mysql.jdbc.exceptions.jdbc4.MySQLNonTransientConnectionException: No operations allowed after connection closed.
[DEBUG][2018/10/19 15:32:04461][org.springframework.web.servlet.handler.AbstractHandlerExceptionResolver.resolveException(AbstractHandlerExceptionResolver.java:134)]
Resolving exception from handler [public com.study.ssm.model.User com.study.ssm.controller.UserController.getUser(java.lang.Integer)]: org.springframework.dao.DataAccessResourceFailureException: 
### Error querying database.  Cause: com.mysql.jdbc.exceptions.jdbc4.MySQLNonTransientConnectionException: No operations allowed after connection closed.
### The error may exist in file [D:\JAVA\spring-tool-suite-3.9.2.RELEASE-e4.7.2-win32-x86_64\springsuite-workSpace\ssm\target\classes\com\study\ssm\mapping\UserMapper.xml]
### The error may involve com.study.ssm.dao.UserMapper.selectByPrimaryKey
### The error occurred while executing a query
### SQL: select                 id, user_name, password, age         from user_t     where id = ?
### Cause: com.mysql.jdbc.exceptions.jdbc4.MySQLNonTransientConnectionException: No operations allowed after connection closed.
; SQL []; No operations allowed after connection closed.; nested exception is com.mysql.jdbc.exceptions.jdbc4.MySQLNonTransientConnectionException: No operations allowed after connection closed.
[DEBUG][2018/10/19 15:32:04461][org.springframework.web.servlet.handler.AbstractHandlerExceptionResolver.resolveException(AbstractHandlerExceptionResolver.java:134)]
Resolving exception from handler [public com.study.ssm.model.User com.study.ssm.controller.UserController.getUser(java.lang.Integer)]: org.springframework.dao.DataAccessResourceFailureException: 
### Error querying database.  Cause: com.mysql.jdbc.exceptions.jdbc4.MySQLNonTransientConnectionException: No operations allowed after connection closed.
### The error may exist in file [D:\JAVA\spring-tool-suite-3.9.2.RELEASE-e4.7.2-win32-x86_64\springsuite-workSpace\ssm\target\classes\com\study\ssm\mapping\UserMapper.xml]
### The error may involve com.study.ssm.dao.UserMapper.selectByPrimaryKey
### The error occurred while executing a query
### SQL: select                 id, user_name, password, age         from user_t     where id = ?
### Cause: com.mysql.jdbc.exceptions.jdbc4.MySQLNonTransientConnectionException: No operations allowed after connection closed.
; SQL []; No operations allowed after connection closed.; nested exception is com.mysql.jdbc.exceptions.jdbc4.MySQLNonTransientConnectionException: No operations allowed after connection closed.
[DEBUG][2018/10/19 15:32:04462][org.springframework.web.servlet.FrameworkServlet.processRequest(FrameworkServlet.java:989)]
Could not complete request
org.springframework.dao.DataAccessResourceFailureException: 
### Error querying database.  Cause: com.mysql.jdbc.exceptions.jdbc4.MySQLNonTransientConnectionException: No operations allowed after connection closed.
### The error may exist in file [D:\JAVA\spring-tool-suite-3.9.2.RELEASE-e4.7.2-win32-x86_64\springsuite-workSpace\ssm\target\classes\com\study\ssm\mapping\UserMapper.xml]
### The error may involve com.study.ssm.dao.UserMapper.selectByPrimaryKey
### The error occurred while executing a query
### SQL: select                 id, user_name, password, age         from user_t     where id = ?
### Cause: com.mysql.jdbc.exceptions.jdbc4.MySQLNonTransientConnectionException: No operations allowed after connection closed.
; SQL []; No operations allowed after connection closed.; nested exception is com.mysql.jdbc.exceptions.jdbc4.MySQLNonTransientConnectionException: No operations allowed after connection closed.
	at org.springframework.jdbc.support.SQLExceptionSubclassTranslator.doTranslate(SQLExceptionSubclassTranslator.java:79)
	at org.springframework.jdbc.support.AbstractFallbackSQLExceptionTranslator.translate(AbstractFallbackSQLExceptionTranslator.java:73)
	at org.springframework.jdbc.support.AbstractFallbackSQLExceptionTranslator.translate(AbstractFallbackSQLExceptionTranslator.java:81)
	at org.mybatis.spring.MyBatisExceptionTranslator.translateExceptionIfPossible(MyBatisExceptionTranslator.java:73)
	at org.mybatis.spring.SqlSessionTemplate$SqlSessionInterceptor.invoke(SqlSessionTemplate.java:371)
	at com.sun.proxy.$Proxy31.selectOne(Unknown Source)
	at org.mybatis.spring.SqlSessionTemplate.selectOne(SqlSessionTemplate.java:163)
	at org.apache.ibatis.binding.MapperMethod.execute(MapperMethod.java:68)
	at org.apache.ibatis.binding.MapperProxy.invoke(MapperProxy.java:52)
	at com.sun.proxy.$Proxy32.selectByPrimaryKey(Unknown Source)
	at com.study.ssm.service.impl.UserServiceImpl.getUserById(UserServiceImpl.java:20)
	at com.study.ssm.controller.UserController.getUser(UserController.java:38)
	at sun.reflect.NativeMethodAccessorImpl.invoke0(Native Method)
	at sun.reflect.NativeMethodAccessorImpl.invoke(NativeMethodAccessorImpl.java:62)
	at sun.reflect.DelegatingMethodAccessorImpl.invoke(DelegatingMethodAccessorImpl.java:43)
	at java.lang.reflect.Method.invoke(Method.java:498)
	at org.springframework.web.method.support.InvocableHandlerMethod.doInvoke(InvocableHandlerMethod.java:221)
	at org.springframework.web.method.support.InvocableHandlerMethod.invokeForRequest(InvocableHandlerMethod.java:137)
	at org.springframework.web.servlet.mvc.method.annotation.ServletInvocableHandlerMethod.invokeAndHandle(ServletInvocableHandlerMethod.java:110)
	at org.springframework.web.servlet.mvc.method.annotation.RequestMappingHandlerAdapter.invokeHandleMethod(RequestMappingHandlerAdapter.java:776)
	at org.springframework.web.servlet.mvc.method.annotation.RequestMappingHandlerAdapter.handleInternal(RequestMappingHandlerAdapter.java:705)
	at org.springframework.web.servlet.mvc.method.AbstractHandlerMethodAdapter.handle(AbstractHandlerMethodAdapter.java:85)
	at org.springframework.web.servlet.DispatcherServlet.doDispatch(DispatcherServlet.java:959)
	at org.springframework.web.servlet.DispatcherServlet.doService(DispatcherServlet.java:893)
	at org.springframework.web.servlet.FrameworkServlet.processRequest(FrameworkServlet.java:966)
	at org.springframework.web.servlet.FrameworkServlet.doPost(FrameworkServlet.java:868)
	at javax.servlet.http.HttpServlet.service(HttpServlet.java:647)
	at org.springframework.web.servlet.FrameworkServlet.service(FrameworkServlet.java:842)
	at javax.servlet.http.HttpServlet.service(HttpServlet.java:728)
	at org.apache.catalina.core.ApplicationFilterChain.internalDoFilter(ApplicationFilterChain.java:305)
	at org.apache.catalina.core.ApplicationFilterChain.doFilter(ApplicationFilterChain.java:210)
	at org.apache.tomcat.websocket.server.WsFilter.doFilter(WsFilter.java:51)
	at org.apache.catalina.core.ApplicationFilterChain.internalDoFilter(ApplicationFilterChain.java:243)
	at org.apache.catalina.core.ApplicationFilterChain.doFilter(ApplicationFilterChain.java:210)
	at org.springframework.web.filter.CharacterEncodingFilter.doFilterInternal(CharacterEncodingFilter.java:85)
	at org.springframework.web.filter.OncePerRequestFilter.doFilter(OncePerRequestFilter.java:107)
	at org.apache.catalina.core.ApplicationFilterChain.internalDoFilter(ApplicationFilterChain.java:243)
	at org.apache.catalina.core.ApplicationFilterChain.doFilter(ApplicationFilterChain.java:210)
	at org.apache.catalina.core.StandardWrapperValve.invoke(StandardWrapperValve.java:222)
	at org.apache.catalina.core.StandardContextValve.invoke(StandardContextValve.java:123)
	at org.apache.catalina.authenticator.AuthenticatorBase.invoke(AuthenticatorBase.java:502)
	at org.apache.catalina.core.StandardHostValve.invoke(StandardHostValve.java:171)
	at org.apache.catalina.valves.ErrorReportValve.invoke(ErrorReportValve.java:100)
	at org.apache.catalina.valves.AccessLogValve.invoke(AccessLogValve.java:953)
	at org.apache.catalina.core.StandardEngineValve.invoke(StandardEngineValve.java:118)
	at org.apache.catalina.connector.CoyoteAdapter.service(CoyoteAdapter.java:408)
	at org.apache.coyote.http11.AbstractHttp11Processor.process(AbstractHttp11Processor.java:1041)
	at org.apache.coyote.AbstractProtocol$AbstractConnectionHandler.process(AbstractProtocol.java:603)
	at org.apache.tomcat.util.net.JIoEndpoint$SocketProcessor.run(JIoEndpoint.java:310)
	at java.util.concurrent.ThreadPoolExecutor.runWorker(ThreadPoolExecutor.java:1149)
	at java.util.concurrent.ThreadPoolExecutor$Worker.run(ThreadPoolExecutor.java:624)
	at java.lang.Thread.run(Thread.java:748)
Caused by: com.mysql.jdbc.exceptions.jdbc4.MySQLNonTransientConnectionException: No operations allowed after connection closed.
	at sun.reflect.NativeConstructorAccessorImpl.newInstance0(Native Method)
	at sun.reflect.NativeConstructorAccessorImpl.newInstance(NativeConstructorAccessorImpl.java:62)
	at sun.reflect.DelegatingConstructorAccessorImpl.newInstance(DelegatingConstructorAccessorImpl.java:45)
	at java.lang.reflect.Constructor.newInstance(Constructor.java:423)
	at com.mysql.jdbc.Util.handleNewInstance(Util.java:404)
	at com.mysql.jdbc.Util.getInstance(Util.java:387)
	at com.mysql.jdbc.SQLError.createSQLException(SQLError.java:917)
	at com.mysql.jdbc.SQLError.createSQLException(SQLError.java:896)
	at com.mysql.jdbc.SQLError.createSQLException(SQLError.java:885)
	at com.mysql.jdbc.SQLError.createSQLException(SQLError.java:860)
	at com.mysql.jdbc.ConnectionImpl.throwConnectionClosedException(ConnectionImpl.java:1246)
	at com.mysql.jdbc.ConnectionImpl.checkClosed(ConnectionImpl.java:1241)
	at com.mysql.jdbc.ConnectionImpl.prepareStatement(ConnectionImpl.java:4102)
	at com.mysql.jdbc.ConnectionImpl.prepareStatement(ConnectionImpl.java:4071)
	at org.apache.commons.dbcp.DelegatingConnection.prepareStatement(DelegatingConnection.java:248)
	at org.apache.commons.dbcp.PoolingDataSource$PoolGuardConnectionWrapper.prepareStatement(PoolingDataSource.java:302)
	at sun.reflect.NativeMethodAccessorImpl.invoke0(Native Method)
	at sun.reflect.NativeMethodAccessorImpl.invoke(NativeMethodAccessorImpl.java:62)
	at sun.reflect.DelegatingMethodAccessorImpl.invoke(DelegatingMethodAccessorImpl.java:43)
	at java.lang.reflect.Method.invoke(Method.java:498)
	at org.apache.ibatis.logging.jdbc.ConnectionLogger.invoke(ConnectionLogger.java:54)
	at com.sun.proxy.$Proxy39.prepareStatement(Unknown Source)
	at org.apache.ibatis.executor.statement.PreparedStatementHandler.instantiateStatement(PreparedStatementHandler.java:75)
	at org.apache.ibatis.executor.statement.BaseStatementHandler.prepare(BaseStatementHandler.java:85)
	at org.apache.ibatis.executor.statement.RoutingStatementHandler.prepare(RoutingStatementHandler.java:57)
	at org.apache.ibatis.executor.SimpleExecutor.prepareStatement(SimpleExecutor.java:73)
	at org.apache.ibatis.executor.SimpleExecutor.doQuery(SimpleExecutor.java:59)
	at org.apache.ibatis.executor.BaseExecutor.queryFromDatabase(BaseExecutor.java:267)
	at org.apache.ibatis.executor.BaseExecutor.query(BaseExecutor.java:137)
	at org.apache.ibatis.executor.CachingExecutor.query(CachingExecutor.java:96)
	at org.apache.ibatis.executor.CachingExecutor.query(CachingExecutor.java:77)
	at org.apache.ibatis.session.defaults.DefaultSqlSession.selectList(DefaultSqlSession.java:108)
	at org.apache.ibatis.session.defaults.DefaultSqlSession.selectList(DefaultSqlSession.java:102)
	at org.apache.ibatis.session.defaults.DefaultSqlSession.selectOne(DefaultSqlSession.java:66)
	at sun.reflect.NativeMethodAccessorImpl.invoke0(Native Method)
	at sun.reflect.NativeMethodAccessorImpl.invoke(NativeMethodAccessorImpl.java:62)
	at sun.reflect.DelegatingMethodAccessorImpl.invoke(DelegatingMethodAccessorImpl.java:43)
	at java.lang.reflect.Method.invoke(Method.java:498)
	at org.mybatis.spring.SqlSessionTemplate$SqlSessionInterceptor.invoke(SqlSessionTemplate.java:358)
	... 47 more
Caused by: com.mysql.jdbc.exceptions.jdbc4.CommunicationsException: Communications link failure

The last packet successfully received from the server was 516,991 milliseconds ago.  The last packet sent successfully to the server was 21,303 milliseconds ago.
	at sun.reflect.NativeConstructorAccessorImpl.newInstance0(Native Method)
	at sun.reflect.NativeConstructorAccessorImpl.newInstance(NativeConstructorAccessorImpl.java:62)
	at sun.reflect.DelegatingConstructorAccessorImpl.newInstance(DelegatingConstructorAccessorImpl.java:45)
	at java.lang.reflect.Constructor.newInstance(Constructor.java:423)
	at com.mysql.jdbc.Util.handleNewInstance(Util.java:404)
	at com.mysql.jdbc.SQLError.createCommunicationsException(SQLError.java:988)
	at com.mysql.jdbc.MysqlIO.reuseAndReadPacket(MysqlIO.java:3552)
	at com.mysql.jdbc.MysqlIO.reuseAndReadPacket(MysqlIO.java:3452)
	at com.mysql.jdbc.MysqlIO.checkErrorPacket(MysqlIO.java:3893)
	at com.mysql.jdbc.MysqlIO.sendCommand(MysqlIO.java:2526)
	at com.mysql.jdbc.MysqlIO.sqlQueryDirect(MysqlIO.java:2673)
	at com.mysql.jdbc.ConnectionImpl.execSQL(ConnectionImpl.java:2545)
	at com.mysql.jdbc.ConnectionImpl.execSQL(ConnectionImpl.java:2503)
	at com.mysql.jdbc.StatementImpl.executeQuery(StatementImpl.java:1369)
	at com.mysql.jdbc.DatabaseMetaData.getUserName(DatabaseMetaData.java:6288)
	at org.apache.commons.dbcp.DelegatingConnection.toString(DelegatingConnection.java:104)
	at org.apache.commons.dbcp.PoolingDataSource$PoolGuardConnectionWrapper.toString(PoolingDataSource.java:344)
	at java.lang.String.valueOf(String.java:2994)
	at java.lang.StringBuilder.append(StringBuilder.java:131)
	at org.mybatis.spring.transaction.SpringManagedTransaction.openConnection(SpringManagedTransaction.java:86)
	at org.mybatis.spring.transaction.SpringManagedTransaction.getConnection(SpringManagedTransaction.java:67)
	at org.apache.ibatis.executor.BaseExecutor.getConnection(BaseExecutor.java:279)
	at org.apache.ibatis.executor.SimpleExecutor.prepareStatement(SimpleExecutor.java:72)
	... 60 more
Caused by: java.net.SocketTimeoutException: Read timed out
	at java.net.SocketInputStream.socketRead0(Native Method)
	at java.net.SocketInputStream.socketRead(SocketInputStream.java:116)
	at java.net.SocketInputStream.read(SocketInputStream.java:171)
	at java.net.SocketInputStream.read(SocketInputStream.java:141)
	at com.mysql.jdbc.util.ReadAheadInputStream.fill(ReadAheadInputStream.java:101)
	at com.mysql.jdbc.util.ReadAheadInputStream.readFromUnderlyingStreamIfNecessary(ReadAheadInputStream.java:144)
	at com.mysql.jdbc.util.ReadAheadInputStream.read(ReadAheadInputStream.java:174)
	at com.mysql.jdbc.MysqlIO.readFully(MysqlIO.java:3001)
	at com.mysql.jdbc.MysqlIO.reuseAndReadPacket(MysqlIO.java:3462)
	... 76 more
[DEBUG][2018/10/19 15:32:07302][org.springframework.web.servlet.DispatcherServlet.doService(DispatcherServlet.java:861)]
DispatcherServlet with name 'SpringMVC' processing GET request for [/ssm/css/bootstrap.min.css.map]
[DEBUG][2018/10/19 15:32:07304][org.springframework.web.servlet.DispatcherServlet.doService(DispatcherServlet.java:861)]
DispatcherServlet with name 'SpringMVC' processing GET request for [/ssm/css/bootstrap-theme.css.map]
[DEBUG][2018/10/19 15:32:07305][org.springframework.web.servlet.handler.AbstractHandlerMethodMapping.getHandlerInternal(AbstractHandlerMethodMapping.java:294)]
Looking up handler method for path /css/bootstrap-theme.css.map
[DEBUG][2018/10/19 15:32:07305][org.springframework.web.servlet.handler.AbstractHandlerMethodMapping.getHandlerInternal(AbstractHandlerMethodMapping.java:294)]
Looking up handler method for path /css/bootstrap.min.css.map
[DEBUG][2018/10/19 15:32:07306][org.springframework.web.servlet.handler.AbstractHandlerMethodMapping.getHandlerInternal(AbstractHandlerMethodMapping.java:302)]
Did not find handler method for [/css/bootstrap.min.css.map]
[DEBUG][2018/10/19 15:32:07305][org.springframework.web.servlet.handler.AbstractHandlerMethodMapping.getHandlerInternal(AbstractHandlerMethodMapping.java:302)]
Did not find handler method for [/css/bootstrap-theme.css.map]
[DEBUG][2018/10/19 15:32:07306][org.springframework.web.servlet.handler.AbstractHandlerMethodMapping.getHandlerInternal(AbstractHandlerMethodMapping.java:294)]
Looking up handler method for path /css/bootstrap.min.css.map
[DEBUG][2018/10/19 15:32:07306][org.springframework.web.servlet.handler.AbstractHandlerMethodMapping.getHandlerInternal(AbstractHandlerMethodMapping.java:294)]
Looking up handler method for path /css/bootstrap-theme.css.map
[DEBUG][2018/10/19 15:32:07307][org.springframework.web.servlet.handler.AbstractHandlerMethodMapping.getHandlerInternal(AbstractHandlerMethodMapping.java:302)]
Did not find handler method for [/css/bootstrap.min.css.map]
[DEBUG][2018/10/19 15:32:07307][org.springframework.web.servlet.handler.AbstractUrlHandlerMapping.lookupHandler(AbstractUrlHandlerMapping.java:168)]
Matching patterns for request [/css/bootstrap.min.css.map] are [/css/**]
[DEBUG][2018/10/19 15:32:07308][org.springframework.web.servlet.handler.AbstractUrlHandlerMapping.lookupHandler(AbstractUrlHandlerMapping.java:193)]
URI Template variables for request [/css/bootstrap.min.css.map] are {}
[DEBUG][2018/10/19 15:32:07308][org.springframework.web.servlet.handler.AbstractUrlHandlerMapping.getHandlerInternal(AbstractUrlHandlerMapping.java:123)]
Mapping [/css/bootstrap.min.css.map] to HandlerExecutionChain with handler [ResourceHttpRequestHandler [locations=[ServletContext resource [/css/]], resolvers=[org.springframework.web.servlet.resource.PathResourceResolver@4c9a2257]]] and 1 interceptor
[DEBUG][2018/10/19 15:32:07308][org.springframework.web.servlet.handler.AbstractHandlerMethodMapping.getHandlerInternal(AbstractHandlerMethodMapping.java:302)]
Did not find handler method for [/css/bootstrap-theme.css.map]
[DEBUG][2018/10/19 15:32:07309][org.springframework.web.servlet.handler.AbstractUrlHandlerMapping.lookupHandler(AbstractUrlHandlerMapping.java:168)]
Matching patterns for request [/css/bootstrap-theme.css.map] are [/css/**]
[DEBUG][2018/10/19 15:32:07309][org.springframework.web.servlet.handler.AbstractUrlHandlerMapping.lookupHandler(AbstractUrlHandlerMapping.java:193)]
URI Template variables for request [/css/bootstrap-theme.css.map] are {}
[DEBUG][2018/10/19 15:32:07309][org.springframework.web.servlet.handler.AbstractUrlHandlerMapping.getHandlerInternal(AbstractUrlHandlerMapping.java:123)]
Mapping [/css/bootstrap-theme.css.map] to HandlerExecutionChain with handler [ResourceHttpRequestHandler [locations=[ServletContext resource [/css/]], resolvers=[org.springframework.web.servlet.resource.PathResourceResolver@4c9a2257]]] and 1 interceptor
[DEBUG][2018/10/19 15:32:07308][org.springframework.web.servlet.DispatcherServlet.doDispatch(DispatcherServlet.java:947)]
Last-Modified value for [/ssm/css/bootstrap.min.css.map] is: -1
[DEBUG][2018/10/19 15:32:07309][org.springframework.web.servlet.DispatcherServlet.doDispatch(DispatcherServlet.java:947)]
Last-Modified value for [/ssm/css/bootstrap-theme.css.map] is: -1
[DEBUG][2018/10/19 15:32:07310][org.springframework.web.servlet.DispatcherServlet.processDispatchResult(DispatcherServlet.java:1034)]
Null ModelAndView returned to DispatcherServlet with name 'SpringMVC': assuming HandlerAdapter completed request handling
[DEBUG][2018/10/19 15:32:07311][org.springframework.web.servlet.FrameworkServlet.processRequest(FrameworkServlet.java:996)]
Successfully completed request
[DEBUG][2018/10/19 15:32:07310][org.springframework.web.servlet.DispatcherServlet.processDispatchResult(DispatcherServlet.java:1034)]
Null ModelAndView returned to DispatcherServlet with name 'SpringMVC': assuming HandlerAdapter completed request handling
[DEBUG][2018/10/19 15:32:07313][org.springframework.web.servlet.FrameworkServlet.processRequest(FrameworkServlet.java:996)]
Successfully completed request
