[DEBUG][2018/10/19 15:48:33833][org.springframework.web.servlet.DispatcherServlet.doService(DispatcherServlet.java:861)]
DispatcherServlet with name 'SpringMVC' processing GET request for [/ssm/user/userList]
[DEBUG][2018/10/19 15:48:33836][org.springframework.web.servlet.handler.AbstractHandlerMethodMapping.getHandlerInternal(AbstractHandlerMethodMapping.java:294)]
Looking up handler method for path /user/userList
[DEBUG][2018/10/19 15:48:33837][org.springframework.web.servlet.handler.AbstractHandlerMethodMapping.getHandlerInternal(AbstractHandlerMethodMapping.java:299)]
Returning handler method [public java.lang.String com.study.ssm.controller.UserController.getUserList(org.springframework.ui.Model)]
[DEBUG][2018/10/19 15:48:33837][org.springframework.beans.factory.support.AbstractBeanFactory.doGetBean(AbstractBeanFactory.java:248)]
Returning cached instance of singleton bean 'userController'
[DEBUG][2018/10/19 15:48:33838][org.springframework.web.servlet.DispatcherServlet.doDispatch(DispatcherServlet.java:947)]
Last-Modified value for [/ssm/user/userList] is: -1
[DEBUG][2018/10/19 15:48:33839][org.mybatis.spring.SqlSessionUtils.getSqlSession(SqlSessionUtils.java:104)]
Creating a new SqlSession
[DEBUG][2018/10/19 15:48:33839][org.mybatis.spring.SqlSessionUtils.getSqlSession(SqlSessionUtils.java:140)]
SqlSession [org.apache.ibatis.session.defaults.DefaultSqlSession@24acb5a6] was not registered for synchronization because synchronization is not active
[DEBUG][2018/10/19 15:48:33839][org.springframework.jdbc.datasource.DataSourceUtils.doGetConnection(DataSourceUtils.java:110)]
Fetching JDBC Connection from DataSource
[DEBUG][2018/10/19 15:48:33858][org.mybatis.spring.transaction.SpringManagedTransaction.openConnection(SpringManagedTransaction.java:86)]
JDBC Connection [jdbc:mysql://101.132.116.22:3306/db_zsl?useSSL=false, UserName=root@114.102.177.110, MySQL Connector Java] will not be managed by Spring
[DEBUG][2018/10/19 15:48:33859][org.apache.ibatis.logging.jdbc.BaseJdbcLogger.debug(BaseJdbcLogger.java:139)]
==>  Preparing: select id, user_name, password, age from user_t 
[DEBUG][2018/10/19 15:48:33860][org.apache.ibatis.logging.jdbc.BaseJdbcLogger.debug(BaseJdbcLogger.java:139)]
==> Parameters: 
[DEBUG][2018/10/19 15:48:33882][org.apache.ibatis.logging.jdbc.BaseJdbcLogger.debug(BaseJdbcLogger.java:139)]
<==      Total: 8
[DEBUG][2018/10/19 15:48:33883][org.mybatis.spring.SqlSessionUtils.closeSqlSession(SqlSessionUtils.java:168)]
Closing non transactional SqlSession [org.apache.ibatis.session.defaults.DefaultSqlSession@24acb5a6]
[DEBUG][2018/10/19 15:48:33883][org.springframework.jdbc.datasource.DataSourceUtils.doReleaseConnection(DataSourceUtils.java:327)]
Returning JDBC Connection to DataSource
[DEBUG][2018/10/19 15:48:33884][org.springframework.web.servlet.DispatcherServlet.render(DispatcherServlet.java:1241)]
Rendering view [org.springframework.web.servlet.view.JstlView: name 'userList'; URL [/WEB-INF/jsp/userList.jsp]] in DispatcherServlet with name 'SpringMVC'
[DEBUG][2018/10/19 15:48:33884][org.springframework.web.servlet.view.AbstractView.exposeModelAsRequestAttributes(AbstractView.java:432)]
Added model object 'userList' of type [java.util.ArrayList] to request in view with name 'userList'
[DEBUG][2018/10/19 15:48:33884][org.springframework.web.servlet.view.InternalResourceView.renderMergedOutputModel(InternalResourceView.java:166)]
Forwarding to resource [/WEB-INF/jsp/userList.jsp] in InternalResourceView 'userList'
[DEBUG][2018/10/19 15:48:3471 ][org.springframework.web.servlet.FrameworkServlet.processRequest(FrameworkServlet.java:996)]
Successfully completed request
[DEBUG][2018/10/19 15:48:34220][org.springframework.web.servlet.DispatcherServlet.doService(DispatcherServlet.java:861)]
DispatcherServlet with name 'SpringMVC' processing GET request for [/ssm/css/bootstrap.min.css.map]
[DEBUG][2018/10/19 15:48:34220][org.springframework.web.servlet.DispatcherServlet.doService(DispatcherServlet.java:861)]
DispatcherServlet with name 'SpringMVC' processing GET request for [/ssm/css/bootstrap-theme.css.map]
[DEBUG][2018/10/19 15:48:34221][org.springframework.web.servlet.handler.AbstractHandlerMethodMapping.getHandlerInternal(AbstractHandlerMethodMapping.java:294)]
Looking up handler method for path /css/bootstrap-theme.css.map
[DEBUG][2018/10/19 15:48:34222][org.springframework.web.servlet.handler.AbstractHandlerMethodMapping.getHandlerInternal(AbstractHandlerMethodMapping.java:302)]
Did not find handler method for [/css/bootstrap-theme.css.map]
[DEBUG][2018/10/19 15:48:34222][org.springframework.web.servlet.handler.AbstractHandlerMethodMapping.getHandlerInternal(AbstractHandlerMethodMapping.java:294)]
Looking up handler method for path /css/bootstrap-theme.css.map
[DEBUG][2018/10/19 15:48:34222][org.springframework.web.servlet.handler.AbstractHandlerMethodMapping.getHandlerInternal(AbstractHandlerMethodMapping.java:302)]
Did not find handler method for [/css/bootstrap-theme.css.map]
[DEBUG][2018/10/19 15:48:34223][org.springframework.web.servlet.handler.AbstractUrlHandlerMapping.lookupHandler(AbstractUrlHandlerMapping.java:168)]
Matching patterns for request [/css/bootstrap-theme.css.map] are [/css/**]
[DEBUG][2018/10/19 15:48:34223][org.springframework.web.servlet.handler.AbstractUrlHandlerMapping.lookupHandler(AbstractUrlHandlerMapping.java:193)]
URI Template variables for request [/css/bootstrap-theme.css.map] are {}
[DEBUG][2018/10/19 15:48:34223][org.springframework.web.servlet.handler.AbstractUrlHandlerMapping.getHandlerInternal(AbstractUrlHandlerMapping.java:123)]
Mapping [/css/bootstrap-theme.css.map] to HandlerExecutionChain with handler [ResourceHttpRequestHandler [locations=[ServletContext resource [/css/]], resolvers=[org.springframework.web.servlet.resource.PathResourceResolver@4c9a2257]]] and 1 interceptor
[DEBUG][2018/10/19 15:48:34223][org.springframework.web.servlet.DispatcherServlet.doDispatch(DispatcherServlet.java:947)]
Last-Modified value for [/ssm/css/bootstrap-theme.css.map] is: -1
[DEBUG][2018/10/19 15:48:34224][org.springframework.web.servlet.DispatcherServlet.processDispatchResult(DispatcherServlet.java:1034)]
Null ModelAndView returned to DispatcherServlet with name 'SpringMVC': assuming HandlerAdapter completed request handling
[DEBUG][2018/10/19 15:48:34225][org.springframework.web.servlet.FrameworkServlet.processRequest(FrameworkServlet.java:996)]
Successfully completed request
[DEBUG][2018/10/19 15:48:34221][org.springframework.web.servlet.handler.AbstractHandlerMethodMapping.getHandlerInternal(AbstractHandlerMethodMapping.java:294)]
Looking up handler method for path /css/bootstrap.min.css.map
[DEBUG][2018/10/19 15:48:34226][org.springframework.web.servlet.handler.AbstractHandlerMethodMapping.getHandlerInternal(AbstractHandlerMethodMapping.java:302)]
Did not find handler method for [/css/bootstrap.min.css.map]
[DEBUG][2018/10/19 15:48:34226][org.springframework.web.servlet.handler.AbstractHandlerMethodMapping.getHandlerInternal(AbstractHandlerMethodMapping.java:294)]
Looking up handler method for path /css/bootstrap.min.css.map
[DEBUG][2018/10/19 15:48:34227][org.springframework.web.servlet.handler.AbstractHandlerMethodMapping.getHandlerInternal(AbstractHandlerMethodMapping.java:302)]
Did not find handler method for [/css/bootstrap.min.css.map]
[DEBUG][2018/10/19 15:48:34227][org.springframework.web.servlet.handler.AbstractUrlHandlerMapping.lookupHandler(AbstractUrlHandlerMapping.java:168)]
Matching patterns for request [/css/bootstrap.min.css.map] are [/css/**]
[DEBUG][2018/10/19 15:48:34227][org.springframework.web.servlet.handler.AbstractUrlHandlerMapping.lookupHandler(AbstractUrlHandlerMapping.java:193)]
URI Template variables for request [/css/bootstrap.min.css.map] are {}
[DEBUG][2018/10/19 15:48:34227][org.springframework.web.servlet.handler.AbstractUrlHandlerMapping.getHandlerInternal(AbstractUrlHandlerMapping.java:123)]
Mapping [/css/bootstrap.min.css.map] to HandlerExecutionChain with handler [ResourceHttpRequestHandler [locations=[ServletContext resource [/css/]], resolvers=[org.springframework.web.servlet.resource.PathResourceResolver@4c9a2257]]] and 1 interceptor
[DEBUG][2018/10/19 15:48:34228][org.springframework.web.servlet.DispatcherServlet.doDispatch(DispatcherServlet.java:947)]
Last-Modified value for [/ssm/css/bootstrap.min.css.map] is: -1
[DEBUG][2018/10/19 15:48:34231][org.springframework.web.servlet.DispatcherServlet.processDispatchResult(DispatcherServlet.java:1034)]
Null ModelAndView returned to DispatcherServlet with name 'SpringMVC': assuming HandlerAdapter completed request handling
[DEBUG][2018/10/19 15:48:34232][org.springframework.web.servlet.FrameworkServlet.processRequest(FrameworkServlet.java:996)]
Successfully completed request
