[DEBUG][2018/10/11 15:22:1997 ][org.springframework.web.servlet.DispatcherServlet.doService(DispatcherServlet.java:861)]
DispatcherServlet with name 'SpringMVC' processing POST request for [/ssm/rest/file/upload]
[DEBUG][2018/10/11 15:22:19221][org.springframework.web.multipart.commons.CommonsFileUploadSupport.parseFileItems(CommonsFileUploadSupport.java:259)]
Found multipart file [file] of size 110356 bytes with original filename [aXd3SG4vNURoYWs4R3NvVzNYYWhvamlBdVROSFE1ZDdSaFpzWkZJUzduVWtHOTVRQk5vb0tBPT0.jpg], stored at [D:\JAVA\spring-tool-suite-3.9.2.RELEASE-e4.7.2-win32-x86_64\springsuite-workSpace\ssm\target\tomcat\work\Tomcat\localhost\ssm\upload_862898af_9691_4ad2_85c3_5ea001cd0560_00000000.tmp]
[DEBUG][2018/10/11 15:22:19224][org.springframework.web.servlet.handler.AbstractHandlerMethodMapping.getHandlerInternal(AbstractHandlerMethodMapping.java:294)]
Looking up handler method for path /rest/file/upload
[DEBUG][2018/10/11 15:22:19224][org.springframework.web.servlet.handler.AbstractHandlerMethodMapping.getHandlerInternal(AbstractHandlerMethodMapping.java:299)]
Returning handler method [public java.lang.String com.study.ssm.controller.FileController.upload(org.springframework.web.multipart.MultipartFile,javax.servlet.http.HttpServletRequest) throws java.lang.Exception,java.io.IOException]
[DEBUG][2018/10/11 15:22:19225][org.springframework.beans.factory.support.AbstractBeanFactory.doGetBean(AbstractBeanFactory.java:248)]
Returning cached instance of singleton bean 'fileController'
[DEBUG][2018/10/11 15:22:19253][org.springframework.web.multipart.commons.CommonsMultipartFile.transferTo(CommonsMultipartFile.java:148)]
Multipart file 'file' with original filename [aXd3SG4vNURoYWs4R3NvVzNYYWhvamlBdVROSFE1ZDdSaFpzWkZJUzduVWtHOTVRQk5vb0tBPT0.jpg], stored at [D:\JAVA\spring-tool-suite-3.9.2.RELEASE-e4.7.2-win32-x86_64\springsuite-workSpace\ssm\target\tomcat\work\Tomcat\localhost\ssm\upload_862898af_9691_4ad2_85c3_5ea001cd0560_00000000.tmp]: moved to [D:\JAVA\spring-tool-suite-3.9.2.RELEASE-e4.7.2-win32-x86_64\springsuite-workSpace\ssm\src\main\webapp\upload\aXd3SG4vNURoYWs4R3NvVzNYYWhvamlBdVROSFE1ZDdSaFpzWkZJUzduVWtHOTVRQk5vb0tBPT0.jpg]
[DEBUG][2018/10/11 15:22:19278][org.springframework.web.servlet.mvc.method.annotation.AbstractMessageConverterMethodProcessor.writeWithMessageConverters(AbstractMessageConverterMethodProcessor.java:163)]
Written [ok] as "text/html;charset=utf-8" using [org.springframework.http.converter.StringHttpMessageConverter@2cf2e9bb]
[DEBUG][2018/10/11 15:22:19278][org.springframework.web.servlet.DispatcherServlet.processDispatchResult(DispatcherServlet.java:1034)]
Null ModelAndView returned to DispatcherServlet with name 'SpringMVC': assuming HandlerAdapter completed request handling
[DEBUG][2018/10/11 15:22:19279][org.springframework.web.multipart.commons.CommonsFileUploadSupport.cleanupFileItems(CommonsFileUploadSupport.java:282)]
Cleaning up multipart file [file] with original filename [aXd3SG4vNURoYWs4R3NvVzNYYWhvamlBdVROSFE1ZDdSaFpzWkZJUzduVWtHOTVRQk5vb0tBPT0.jpg], stored at [D:\JAVA\spring-tool-suite-3.9.2.RELEASE-e4.7.2-win32-x86_64\springsuite-workSpace\ssm\target\tomcat\work\Tomcat\localhost\ssm\upload_862898af_9691_4ad2_85c3_5ea001cd0560_00000000.tmp]
[DEBUG][2018/10/11 15:22:19279][org.springframework.web.servlet.FrameworkServlet.processRequest(FrameworkServlet.java:996)]
Successfully completed request
